{"level":"info","message":"Server running on port 5050 in development mode","timestamp":"2025-09-02T14:21:29.128Z"}
{"level":"info","message":"Database connected successfully","timestamp":"2025-09-02T14:21:30.229Z"}
{"level":"info","message":"Server running on port 5050 in undefined mode","timestamp":"2025-09-02T14:26:30.633Z"}
{"level":"info","message":"Database connected successfully","timestamp":"2025-09-02T14:26:32.212Z"}
{"level":"info","message":"Server running on port 5050 in development mode","timestamp":"2025-09-02T14:26:44.739Z"}
{"level":"info","message":"Database connected successfully","timestamp":"2025-09-02T14:26:45.750Z"}
{"level":"info","message":"Server running on port 5050 in development mode","timestamp":"2025-09-02T14:37:13.625Z"}
{"level":"info","message":"Server running on port 5050 in development mode","timestamp":"2025-09-02T14:37:14.562Z"}
{"level":"info","message":"Database connected successfully","timestamp":"2025-09-02T14:37:15.567Z"}
{"level":"info","message":"Server running on port 5050 in development mode","timestamp":"2025-09-02T14:37:16.190Z"}
{"level":"info","message":"Database connected successfully","timestamp":"2025-09-02T14:37:17.107Z"}
{"level":"info","message":"Server running on port 5050 in development mode","timestamp":"2025-09-02T14:49:41.289Z"}
{"level":"info","message":"Server running on port 5050 in development mode","timestamp":"2025-09-02T14:49:42.270Z"}
{"level":"info","message":"Database connected successfully","timestamp":"2025-09-02T14:49:43.466Z"}
{"level":"info","message":"Server running on port 5050 in development mode","timestamp":"2025-09-02T14:50:53.093Z"}
{"level":"info","message":"Database connected successfully","timestamp":"2025-09-02T14:50:54.462Z"}
{"level":"info","message":"Server running on port 5050 in development mode","timestamp":"2025-09-02T14:51:14.043Z"}
{"level":"info","message":"Database connected successfully","timestamp":"2025-09-02T14:51:15.029Z"}
{"level":"info","message":"Server running on port 5050 in development mode","timestamp":"2025-09-02T14:58:28.100Z"}
{"level":"info","message":"Server running on port 5050 in development mode","timestamp":"2025-09-02T14:58:29.647Z"}
{"level":"info","message":"Database connected successfully","timestamp":"2025-09-02T14:58:30.545Z"}
{"level":"info","message":"Server running on port 5050 in development mode","timestamp":"2025-09-02T14:58:39.321Z"}
{"level":"info","message":"Database connected successfully","timestamp":"2025-09-02T14:58:40.359Z"}
{"level":"info","message":"Server running on port 5050 in development mode","timestamp":"2025-09-02T14:59:29.610Z"}
{"level":"info","message":"Database connected successfully","timestamp":"2025-09-02T14:59:30.634Z"}
{"level":"info","message":"Server running on port 5050 in development mode","timestamp":"2025-09-02T15:05:11.006Z"}
{"level":"info","message":"Database connected successfully","timestamp":"2025-09-02T15:05:12.177Z"}
{"level":"info","message":"Starting graceful shutdown...","timestamp":"2025-09-02T15:09:15.314Z"}
{"level":"info","message":"Server running on port 5050 in development mode","timestamp":"2025-09-02T15:09:23.195Z"}
{"level":"info","message":"Database connected successfully","timestamp":"2025-09-02T15:09:24.319Z"}
{"level":"info","message":"Starting graceful shutdown...","timestamp":"2025-09-02T15:22:25.169Z"}
{"level":"info","message":"Server running on port 5050 in development mode","timestamp":"2025-09-02T15:22:32.609Z"}
{"level":"info","message":"Database connected successfully","timestamp":"2025-09-02T15:22:33.984Z"}
{"level":"info","message":"HTTP server closed","timestamp":"2025-09-02T15:22:49.596Z"}
{"level":"info","message":"Server running on port 5050 in development mode","timestamp":"2025-09-02T15:23:12.908Z"}
{"level":"info","message":"Database connected successfully","timestamp":"2025-09-02T15:23:13.988Z"}
{"level":"info","message":"Server running on port 5050 in development mode","timestamp":"2025-09-02T15:23:43.851Z"}
{"level":"info","message":"Database connected successfully","timestamp":"2025-09-02T15:23:44.943Z"}
{"level":"info","message":"Server running on port 5050 in development mode","timestamp":"2025-09-02T15:23:49.745Z"}
{"level":"info","message":"Database connected successfully","timestamp":"2025-09-02T15:23:50.674Z"}
{"level":"info","message":"Starting graceful shutdown...","timestamp":"2025-09-02T15:25:42.872Z"}
{"level":"info","message":"Server running on port 5050 in development mode","timestamp":"2025-09-02T15:25:45.495Z"}
{"level":"info","message":"Starting graceful shutdown...","timestamp":"2025-09-02T15:25:46.043Z"}
{"level":"info","message":"Server running on port 5050 in development mode","timestamp":"2025-09-02T15:25:48.803Z"}
{"level":"info","message":"Database connected successfully","timestamp":"2025-09-02T15:25:49.927Z"}
{"level":"info","message":"Server running on port 5050 in development mode","timestamp":"2025-09-02T15:30:25.400Z"}
{"level":"info","message":"Database connected successfully","timestamp":"2025-09-02T15:30:26.963Z"}
{"level":"info","message":"Server running on port 5050 in development mode","timestamp":"2025-09-02T15:34:48.648Z"}
{"level":"info","message":"Database connected successfully","timestamp":"2025-09-02T15:34:49.660Z"}
{"level":"info","message":"Server running on port 5050 in development mode","timestamp":"2025-09-02T15:34:51.036Z"}
{"level":"info","message":"Database connected successfully","timestamp":"2025-09-02T15:34:51.961Z"}
{"level":"info","message":"Server running on port 5050 in development mode","timestamp":"2025-09-02T15:34:54.284Z"}
{"level":"info","message":"Server running on port 5050 in development mode","timestamp":"2025-09-02T15:34:55.419Z"}
{"level":"info","message":"Database connected successfully","timestamp":"2025-09-02T15:34:56.277Z"}
{"level":"info","message":"Starting graceful shutdown...","timestamp":"2025-09-02T16:17:10.941Z"}
{"level":"info","message":"Server running on port 5050 in development mode","timestamp":"2025-09-27T12:32:41.278Z"}
{"level":"info","message":"Database connected successfully","timestamp":"2025-09-27T12:32:43.639Z"}
